{
  "stats": {
    "suites": 1,
    "tests": 4,
    "passes": 3,
    "pending": 0,
    "failures": 1,
    "start": "2026-06-25T06:02:52.316Z",
    "end": "2026-06-25T06:03:11.537Z",
    "duration": 19221,
    "testsRegistered": 4,
    "passPercent": 75,
    "pendingPercent": 0,
    "other": 0,
    "hasOther": false,
    "skipped": 0,
    "hasSkipped": false
  },
  "results": [
    {
      "uuid": "0ce8ce04-fad1-4630-8a40-2a636eeed303",
      "title": "",
      "fullFile": "cypress\\e2e\\garage.cy.js",
      "file": "cypress\\e2e\\garage.cy.js",
      "beforeHooks": [],
      "afterHooks": [],
      "tests": [],
      "suites": [
        {
          "uuid": "58fcd669-7ace-42bc-9650-02039724505c",
          "title": "Garage and Fuel Expenses",
          "fullFile": "",
          "file": "",
          "beforeHooks": [],
          "afterHooks": [],
          "tests": [
            {
              "title": "should add a car to garage",
              "fullTitle": "Garage and Fuel Expenses should add a car to garage",
              "timedOut": null,
              "duration": 5409,
              "state": "passed",
              "speed": "medium",
              "pass": true,
              "fail": false,
              "pending": false,
              "context": null,
              "code": "cy.intercept('POST', '/api/cars').as('createCar');\n_GaragePage.default.clickAddCar();\n_GaragePage.default.selectBrand('Audi');\n_GaragePage.default.selectModel('TT');\n_GaragePage.default.setMileage('10000');\n_GaragePage.default.submitAddCar();\ncy.wait('@createCar').then(interception => {\n  expect(interception.response.statusCode).to.eq(201);\n  const carId = interception.response.body.data.id;\n  expect(carId).to.exist;\n  cy.wrap(carId).as('carId');\n});\n_GaragePage.default.carIsVisible('Audi TT');",
              "err": {},
              "uuid": "20a03f0a-b167-45e9-8416-e0e7574684bb",
              "parentUUID": "58fcd669-7ace-42bc-9650-02039724505c",
              "isHook": false,
              "skipped": false
            },
            {
              "title": "should validate created car via API",
              "fullTitle": "Garage and Fuel Expenses should validate created car via API",
              "timedOut": null,
              "duration": 3184,
              "state": "passed",
              "speed": "fast",
              "pass": true,
              "fail": false,
              "pending": false,
              "context": null,
              "code": "cy.intercept('POST', '/api/cars').as('createCar');\n_GaragePage.default.clickAddCar();\n_GaragePage.default.selectBrand('Audi');\n_GaragePage.default.selectModel('TT');\n_GaragePage.default.setMileage('10000');\n_GaragePage.default.submitAddCar();\ncy.wait('@createCar').then(interception => {\n  expect(interception.response.statusCode).to.eq(201);\n  const carId = interception.response.body.data.id;\n  cy.wrap(carId).as('carId');\n});\ncy.get('@carId').then(carId => {\n  cy.getCookies().then(cookies => {\n    const cookieString = cookies.map(c => `${c.name}=${c.value}`).join('; ');\n    cy.request({\n      method: 'GET',\n      url: '/api/cars',\n      headers: {\n        Cookie: cookieString\n      }\n    }).then(response => {\n      expect(response.status).to.eq(200);\n      const cars = response.body.data;\n      const createdCar = cars.find(car => car.id === carId);\n      expect(createdCar).to.exist;\n      expect(createdCar.brand).to.eq('Audi');\n      expect(createdCar.model).to.eq('TT');\n      expect(createdCar.initialMileage).to.eq(10000);\n    });\n  });\n});",
              "err": {},
              "uuid": "69d62387-b15c-499b-a9bc-64c3435734f8",
              "parentUUID": "58fcd669-7ace-42bc-9650-02039724505c",
              "isHook": false,
              "skipped": false
            },
            {
              "title": "should create expense via API and validate response",
              "fullTitle": "Garage and Fuel Expenses should create expense via API and validate response",
              "timedOut": null,
              "duration": 2963,
              "state": "passed",
              "speed": "fast",
              "pass": true,
              "fail": false,
              "pending": false,
              "context": null,
              "code": "cy.intercept('POST', '/api/cars').as('createCar');\n_GaragePage.default.clickAddCar();\n_GaragePage.default.selectBrand('Audi');\n_GaragePage.default.selectModel('TT');\n_GaragePage.default.setMileage('10000');\n_GaragePage.default.submitAddCar();\ncy.wait('@createCar').then(interception => {\n  expect(interception.response.statusCode).to.eq(201);\n  const carId = interception.response.body.data.id;\n  cy.wrap(carId).as('carId');\n});\ncy.get('@carId').then(carId => {\n  cy.createExpenseViaApi(carId, 10500, 40, 60);\n  cy.get('@expenseResponse').then(response => {\n    expect(response.status).to.eq(200);\n    const expense = response.body.data;\n    expect(expense.carId).to.eq(carId);\n    expect(expense.mileage).to.eq(10500);\n    expect(expense.liters).to.eq(40);\n    expect(expense.totalCost).to.eq(60);\n  });\n});",
              "err": {},
              "uuid": "deaf61d4-ae1a-4480-b5c5-f4e1a03c301e",
              "parentUUID": "58fcd669-7ace-42bc-9650-02039724505c",
              "isHook": false,
              "skipped": false
            },
            {
              "title": "should validate expense via UI",
              "fullTitle": "Garage and Fuel Expenses should validate expense via UI",
              "timedOut": null,
              "duration": 7431,
              "state": "failed",
              "speed": null,
              "pass": false,
              "fail": true,
              "pending": false,
              "context": null,
              "code": "cy.intercept('POST', '/api/cars').as('createCar');\n_GaragePage.default.clickAddCar();\n_GaragePage.default.selectBrand('Audi');\n_GaragePage.default.selectModel('TT');\n_GaragePage.default.setMileage('10000');\n_GaragePage.default.submitAddCar();\ncy.wait('@createCar').then(interception => {\n  expect(interception.response.statusCode).to.eq(201);\n  const carId = interception.response.body.data.id;\n  cy.wrap(carId).as('carId');\n});\ncy.get('@carId').then(carId => {\n  cy.createExpenseViaApi(carId, 10500, 40, 60);\n  cy.contains('a', 'Fuel expenses').click();\n  cy.contains('.car-name', 'Audi TT').should('be.visible');\n  cy.contains('10500').should('be.visible');\n  cy.contains('40').should('be.visible');\n  cy.contains('60').should('be.visible');\n});",
              "err": {
                "message": "AssertionError: Timed out retrying after 4000ms: Expected to find content: 'Audi TT' within the selector: '.car-name' but never did.",
                "estack": "AssertionError: Timed out retrying after 4000ms: Expected to find content: 'Audi TT' within the selector: '.car-name' but never did.\n    at Context.eval (webpack://cypress-intro/./cypress/e2e/garage.cy.js:111:42)\n    at getRet (https://qauto.forstudy.space/__cypress/runner/cypress_runner.js:123004:20)\n    at tryCatcher (https://qauto.forstudy.space/__cypress/runner/cypress_runner.js:1777:23)\n    at Promise.attempt.Promise.try (https://qauto.forstudy.space/__cypress/runner/cypress_runner.js:4285:29)\n    at Context.thenFn (https://qauto.forstudy.space/__cypress/runner/cypress_runner.js:123015:66)\n    at Context.then (https://qauto.forstudy.space/__cypress/runner/cypress_runner.js:123266:21)\n    at wrapped (https://qauto.forstudy.space/__cypress/runner/cypress_runner.js:146625:19)",
                "diff": null
              },
              "uuid": "3b5095f1-13c5-48ef-b2d7-0156c6df8e8f",
              "parentUUID": "58fcd669-7ace-42bc-9650-02039724505c",
              "isHook": false,
              "skipped": false
            }
          ],
          "suites": [],
          "passes": [
            "20a03f0a-b167-45e9-8416-e0e7574684bb",
            "69d62387-b15c-499b-a9bc-64c3435734f8",
            "deaf61d4-ae1a-4480-b5c5-f4e1a03c301e"
          ],
          "failures": [
            "3b5095f1-13c5-48ef-b2d7-0156c6df8e8f"
          ],
          "pending": [],
          "skipped": [],
          "duration": 18987,
          "root": false,
          "rootEmpty": false,
          "_timeout": 2000
        }
      ],
      "passes": [],
      "failures": [],
      "pending": [],
      "skipped": [],
      "duration": 0,
      "root": true,
      "rootEmpty": true,
      "_timeout": 2000
    }
  ],
  "meta": {
    "mocha": {
      "version": "7.2.0"
    },
    "mochawesome": {
      "options": {
        "quiet": false,
        "reportFilename": "mochawesome",
        "saveHtml": false,
        "saveJson": true,
        "consoleReporter": "spec",
        "useInlineDiffs": false,
        "code": true
      },
      "version": "7.1.4"
    },
    "marge": {
      "options": {
        "reportDir": "cypress/results",
        "overwrite": false,
        "html": false,
        "json": true
      },
      "version": "6.3.2"
    }
  }
}