{
  "stats": {
    "suites": 1,
    "tests": 4,
    "passes": 4,
    "pending": 0,
    "failures": 0,
    "start": "2026-06-25T06:06:41.312Z",
    "end": "2026-06-25T06:06:56.155Z",
    "duration": 14843,
    "testsRegistered": 4,
    "passPercent": 100,
    "pendingPercent": 0,
    "other": 0,
    "hasOther": false,
    "skipped": 0,
    "hasSkipped": false
  },
  "results": [
    {
      "uuid": "c4b1cd0a-6a77-4d50-9607-65be53e5f0c9",
      "title": "",
      "fullFile": "cypress\\e2e\\garage.cy.js",
      "file": "cypress\\e2e\\garage.cy.js",
      "beforeHooks": [],
      "afterHooks": [],
      "tests": [],
      "suites": [
        {
          "uuid": "a718c545-d09c-4168-acfd-d84509328e43",
          "title": "Garage and Fuel Expenses",
          "fullFile": "",
          "file": "",
          "beforeHooks": [],
          "afterHooks": [],
          "tests": [
            {
              "title": "should add a car to garage",
              "fullTitle": "Garage and Fuel Expenses should add a car to garage",
              "timedOut": null,
              "duration": 5263,
              "state": "passed",
              "speed": "medium",
              "pass": true,
              "fail": false,
              "pending": false,
              "context": null,
              "code": "cy.intercept('POST', '/api/cars').as('createCar');\n_GaragePage.default.clickAddCar();\n_GaragePage.default.selectBrand('Audi');\n_GaragePage.default.selectModel('TT');\n_GaragePage.default.setMileage('10000');\n_GaragePage.default.submitAddCar();\ncy.wait('@createCar').then(interception => {\n  expect(interception.response.statusCode).to.eq(201);\n  const carId = interception.response.body.data.id;\n  expect(carId).to.exist;\n  cy.wrap(carId).as('carId');\n});\n_GaragePage.default.carIsVisible('Audi TT');",
              "err": {},
              "uuid": "0ae15d18-d644-4feb-8336-2ec1f850aca2",
              "parentUUID": "a718c545-d09c-4168-acfd-d84509328e43",
              "isHook": false,
              "skipped": false
            },
            {
              "title": "should validate created car via API",
              "fullTitle": "Garage and Fuel Expenses should validate created car via API",
              "timedOut": null,
              "duration": 3113,
              "state": "passed",
              "speed": "fast",
              "pass": true,
              "fail": false,
              "pending": false,
              "context": null,
              "code": "cy.intercept('POST', '/api/cars').as('createCar');\n_GaragePage.default.clickAddCar();\n_GaragePage.default.selectBrand('Audi');\n_GaragePage.default.selectModel('TT');\n_GaragePage.default.setMileage('10000');\n_GaragePage.default.submitAddCar();\ncy.wait('@createCar').then(interception => {\n  expect(interception.response.statusCode).to.eq(201);\n  const carId = interception.response.body.data.id;\n  cy.wrap(carId).as('carId');\n});\ncy.get('@carId').then(carId => {\n  cy.getCookies().then(cookies => {\n    const cookieString = cookies.map(c => `${c.name}=${c.value}`).join('; ');\n    cy.request({\n      method: 'GET',\n      url: '/api/cars',\n      headers: {\n        Cookie: cookieString\n      }\n    }).then(response => {\n      expect(response.status).to.eq(200);\n      const cars = response.body.data;\n      const createdCar = cars.find(car => car.id === carId);\n      expect(createdCar).to.exist;\n      expect(createdCar.brand).to.eq('Audi');\n      expect(createdCar.model).to.eq('TT');\n      expect(createdCar.initialMileage).to.eq(10000);\n    });\n  });\n});",
              "err": {},
              "uuid": "c363b9d5-7086-4fcc-8afa-2fc4a008481e",
              "parentUUID": "a718c545-d09c-4168-acfd-d84509328e43",
              "isHook": false,
              "skipped": false
            },
            {
              "title": "should create expense via API and validate response",
              "fullTitle": "Garage and Fuel Expenses should create expense via API and validate response",
              "timedOut": null,
              "duration": 2952,
              "state": "passed",
              "speed": "fast",
              "pass": true,
              "fail": false,
              "pending": false,
              "context": null,
              "code": "cy.intercept('POST', '/api/cars').as('createCar');\n_GaragePage.default.clickAddCar();\n_GaragePage.default.selectBrand('Audi');\n_GaragePage.default.selectModel('TT');\n_GaragePage.default.setMileage('10000');\n_GaragePage.default.submitAddCar();\ncy.wait('@createCar').then(interception => {\n  expect(interception.response.statusCode).to.eq(201);\n  const carId = interception.response.body.data.id;\n  cy.wrap(carId).as('carId');\n});\ncy.get('@carId').then(carId => {\n  cy.createExpenseViaApi(carId, 10500, 40, 60);\n  cy.get('@expenseResponse').then(response => {\n    expect(response.status).to.eq(200);\n    const expense = response.body.data;\n    expect(expense.carId).to.eq(carId);\n    expect(expense.mileage).to.eq(10500);\n    expect(expense.liters).to.eq(40);\n    expect(expense.totalCost).to.eq(60);\n  });\n});",
              "err": {},
              "uuid": "6f98f4df-9488-46f9-88bc-5dc31b146462",
              "parentUUID": "a718c545-d09c-4168-acfd-d84509328e43",
              "isHook": false,
              "skipped": false
            },
            {
              "title": "should validate expense via UI",
              "fullTitle": "Garage and Fuel Expenses should validate expense via UI",
              "timedOut": null,
              "duration": 3296,
              "state": "passed",
              "speed": "fast",
              "pass": true,
              "fail": false,
              "pending": false,
              "context": null,
              "code": "cy.intercept('POST', '/api/cars').as('createCar');\n_GaragePage.default.clickAddCar();\n_GaragePage.default.selectBrand('Audi');\n_GaragePage.default.selectModel('TT');\n_GaragePage.default.setMileage('10000');\n_GaragePage.default.submitAddCar();\ncy.wait('@createCar').then(interception => {\n  expect(interception.response.statusCode).to.eq(201);\n  const carId = interception.response.body.data.id;\n  cy.wrap(carId).as('carId');\n});\ncy.get('@carId').then(carId => {\n  cy.createExpenseViaApi(carId, 10500, 40, 60);\n  cy.contains('a', 'Fuel expenses').click();\n  cy.get('#carSelectDropdown').should('contain', 'Audi TT');\n  cy.contains('60.00').should('be.visible');\n});",
              "err": {},
              "uuid": "6e4a8bf6-ae9f-40ee-83ca-f005a0dcd204",
              "parentUUID": "a718c545-d09c-4168-acfd-d84509328e43",
              "isHook": false,
              "skipped": false
            }
          ],
          "suites": [],
          "passes": [
            "0ae15d18-d644-4feb-8336-2ec1f850aca2",
            "c363b9d5-7086-4fcc-8afa-2fc4a008481e",
            "6f98f4df-9488-46f9-88bc-5dc31b146462",
            "6e4a8bf6-ae9f-40ee-83ca-f005a0dcd204"
          ],
          "failures": [],
          "pending": [],
          "skipped": [],
          "duration": 14624,
          "root": false,
          "rootEmpty": false,
          "_timeout": 2000
        }
      ],
      "passes": [],
      "failures": [],
      "pending": [],
      "skipped": [],
      "duration": 0,
      "root": true,
      "rootEmpty": true,
      "_timeout": 2000
    }
  ],
  "meta": {
    "mocha": {
      "version": "7.2.0"
    },
    "mochawesome": {
      "options": {
        "quiet": false,
        "reportFilename": "mochawesome",
        "saveHtml": false,
        "saveJson": true,
        "consoleReporter": "spec",
        "useInlineDiffs": false,
        "code": true
      },
      "version": "7.1.4"
    },
    "marge": {
      "options": {
        "reportDir": "cypress/results",
        "overwrite": false,
        "html": false,
        "json": true
      },
      "version": "6.3.2"
    }
  }
}