{
  "stats": {
    "suites": 1,
    "tests": 4,
    "passes": 0,
    "pending": 0,
    "failures": 4,
    "start": "2026-06-25T06:20:51.622Z",
    "end": "2026-06-25T06:21:05.830Z",
    "duration": 14208,
    "testsRegistered": 4,
    "passPercent": 0,
    "pendingPercent": 0,
    "other": 0,
    "hasOther": false,
    "skipped": 0,
    "hasSkipped": false
  },
  "results": [
    {
      "uuid": "70a8b82d-6188-42bd-8ad5-c08d910d4da3",
      "title": "",
      "fullFile": "cypress\\e2e\\garage.cy.js",
      "file": "cypress\\e2e\\garage.cy.js",
      "beforeHooks": [],
      "afterHooks": [],
      "tests": [],
      "suites": [
        {
          "uuid": "cc1ffdc4-7f0d-437c-b483-e633b99ab76f",
          "title": "Garage and Fuel Expenses",
          "fullFile": "",
          "file": "",
          "beforeHooks": [],
          "afterHooks": [],
          "tests": [
            {
              "title": "should add a car to garage",
              "fullTitle": "Garage and Fuel Expenses should add a car to garage",
              "timedOut": null,
              "duration": 5251,
              "state": "failed",
              "speed": null,
              "pass": false,
              "fail": true,
              "pending": false,
              "context": null,
              "code": "cy.intercept('POST', '/api/cars').as('createCar');\n_GaragePage.default.clickAddCar();\n_GaragePage.default.selectBrand('Audi');\n_GaragePage.default.selectModel('TT');\n_GaragePage.default.setMileage('10000');\n_GaragePage.default.submitAddCar();\ncy.wait('@createCar').then(interception => {\n  expect(interception.response.statusCode).to.eq(201);\n  const carId = interception.response.body.data.id;\n  expect(carId).to.exist;\n  cy.wrap(carId).as('carId');\n});\n_GaragePage.default.carIsVisible('Audi TT');",
              "err": {
                "message": "CypressError: `cy.click()` can only be called on a single element. Your subject contained 2 elements. Pass `{ multiple: true }` if you want to serially click each element.\n\nhttps://on.cypress.io/click",
                "estack": "CypressError: `cy.click()` can only be called on a single element. Your subject contained 2 elements. Pass `{ multiple: true }` if you want to serially click each element.\n\nhttps://on.cypress.io/click\n    at mouseAction (https://qauto.forstudy.space/__cypress/runner/cypress_runner.js:114939:68)\n    at Context.click (https://qauto.forstudy.space/__cypress/runner/cypress_runner.js:115106:14)\n    at wrapped (https://qauto.forstudy.space/__cypress/runner/cypress_runner.js:146625:19)\nFrom Your Spec Code:\n    at Object.proxyGetter [as get] (https://qauto.forstudy.space/__cypress/runner/cypress_runner.js:81302:22)\n    at exists (https://qauto.forstudy.space/__cypress/runner/cypress_runner.js:151509:26)\n    at elExists (https://qauto.forstudy.space/__cypress/runner/cypress_runner.js:151524:10)\n    at ensureExistence (https://qauto.forstudy.space/__cypress/runner/cypress_runner.js:151705:22)\n    at onFailFn (https://qauto.forstudy.space/__cypress/runner/cypress_runner.js:151734:53)",
                "diff": null
              },
              "uuid": "b690cd1d-7dac-47b1-b122-71976f5e97e1",
              "parentUUID": "cc1ffdc4-7f0d-437c-b483-e633b99ab76f",
              "isHook": false,
              "skipped": false
            },
            {
              "title": "should validate created car via API",
              "fullTitle": "Garage and Fuel Expenses should validate created car via API",
              "timedOut": null,
              "duration": 3016,
              "state": "failed",
              "speed": null,
              "pass": false,
              "fail": true,
              "pending": false,
              "context": null,
              "code": "cy.intercept('POST', '/api/cars').as('createCar');\n_GaragePage.default.clickAddCar();\n_GaragePage.default.selectBrand('Audi');\n_GaragePage.default.selectModel('TT');\n_GaragePage.default.setMileage('10000');\n_GaragePage.default.submitAddCar();\ncy.wait('@createCar').then(interception => {\n  expect(interception.response.statusCode).to.eq(201);\n  const carId = interception.response.body.data.id;\n  cy.wrap(carId).as('carId');\n});\ncy.get('@carId').then(carId => {\n  cy.getCookies().then(cookies => {\n    const cookieString = cookies.map(c => `${c.name}=${c.value}`).join('; ');\n    cy.request({\n      method: 'GET',\n      url: '/api/cars',\n      headers: {\n        Cookie: cookieString\n      }\n    }).then(response => {\n      expect(response.status).to.eq(200);\n      const cars = response.body.data;\n      const createdCar = cars.find(car => car.id === carId);\n      expect(createdCar).to.exist;\n      expect(createdCar.brand).to.eq('Audi');\n      expect(createdCar.model).to.eq('TT');\n      expect(createdCar.initialMileage).to.eq(10000);\n    });\n  });\n});",
              "err": {
                "message": "CypressError: `cy.click()` can only be called on a single element. Your subject contained 2 elements. Pass `{ multiple: true }` if you want to serially click each element.\n\nhttps://on.cypress.io/click",
                "estack": "CypressError: `cy.click()` can only be called on a single element. Your subject contained 2 elements. Pass `{ multiple: true }` if you want to serially click each element.\n\nhttps://on.cypress.io/click\n    at mouseAction (https://qauto.forstudy.space/__cypress/runner/cypress_runner.js:114939:68)\n    at Context.click (https://qauto.forstudy.space/__cypress/runner/cypress_runner.js:115106:14)\n    at wrapped (https://qauto.forstudy.space/__cypress/runner/cypress_runner.js:146625:19)\nFrom Your Spec Code:\n    at Object.proxyGetter [as get] (https://qauto.forstudy.space/__cypress/runner/cypress_runner.js:81302:22)\n    at exists (https://qauto.forstudy.space/__cypress/runner/cypress_runner.js:151509:26)\n    at elExists (https://qauto.forstudy.space/__cypress/runner/cypress_runner.js:151524:10)\n    at ensureExistence (https://qauto.forstudy.space/__cypress/runner/cypress_runner.js:151705:22)\n    at onFailFn (https://qauto.forstudy.space/__cypress/runner/cypress_runner.js:151734:53)",
                "diff": null
              },
              "uuid": "f4760fa7-492a-4fb8-92d2-6a1f67044bb0",
              "parentUUID": "cc1ffdc4-7f0d-437c-b483-e633b99ab76f",
              "isHook": false,
              "skipped": false
            },
            {
              "title": "should create expense via API and validate response",
              "fullTitle": "Garage and Fuel Expenses should create expense via API and validate response",
              "timedOut": null,
              "duration": 2876,
              "state": "failed",
              "speed": null,
              "pass": false,
              "fail": true,
              "pending": false,
              "context": null,
              "code": "cy.intercept('POST', '/api/cars').as('createCar');\n_GaragePage.default.clickAddCar();\n_GaragePage.default.selectBrand('Audi');\n_GaragePage.default.selectModel('TT');\n_GaragePage.default.setMileage('10000');\n_GaragePage.default.submitAddCar();\ncy.wait('@createCar').then(interception => {\n  expect(interception.response.statusCode).to.eq(201);\n  const carId = interception.response.body.data.id;\n  cy.wrap(carId).as('carId');\n});\ncy.get('@carId').then(carId => {\n  cy.createExpenseViaApi(carId, 10500, 40, 60);\n  cy.get('@expenseResponse').then(response => {\n    expect(response.status).to.eq(200);\n    const expense = response.body.data;\n    expect(expense.carId).to.eq(carId);\n    expect(expense.mileage).to.eq(10500);\n    expect(expense.liters).to.eq(40);\n    expect(expense.totalCost).to.eq(60);\n  });\n});",
              "err": {
                "message": "CypressError: `cy.click()` can only be called on a single element. Your subject contained 2 elements. Pass `{ multiple: true }` if you want to serially click each element.\n\nhttps://on.cypress.io/click",
                "estack": "CypressError: `cy.click()` can only be called on a single element. Your subject contained 2 elements. Pass `{ multiple: true }` if you want to serially click each element.\n\nhttps://on.cypress.io/click\n    at mouseAction (https://qauto.forstudy.space/__cypress/runner/cypress_runner.js:114939:68)\n    at Context.click (https://qauto.forstudy.space/__cypress/runner/cypress_runner.js:115106:14)\n    at wrapped (https://qauto.forstudy.space/__cypress/runner/cypress_runner.js:146625:19)\nFrom Your Spec Code:\n    at Object.proxyGetter [as get] (https://qauto.forstudy.space/__cypress/runner/cypress_runner.js:81302:22)\n    at exists (https://qauto.forstudy.space/__cypress/runner/cypress_runner.js:151509:26)\n    at elExists (https://qauto.forstudy.space/__cypress/runner/cypress_runner.js:151524:10)\n    at ensureExistence (https://qauto.forstudy.space/__cypress/runner/cypress_runner.js:151705:22)\n    at onFailFn (https://qauto.forstudy.space/__cypress/runner/cypress_runner.js:151734:53)",
                "diff": null
              },
              "uuid": "1c26ffa2-eddf-46d4-8f05-97c1f6ab3d0a",
              "parentUUID": "cc1ffdc4-7f0d-437c-b483-e633b99ab76f",
              "isHook": false,
              "skipped": false
            },
            {
              "title": "should validate expense via UI",
              "fullTitle": "Garage and Fuel Expenses should validate expense via UI",
              "timedOut": null,
              "duration": 2891,
              "state": "failed",
              "speed": null,
              "pass": false,
              "fail": true,
              "pending": false,
              "context": null,
              "code": "cy.intercept('POST', '/api/cars').as('createCar');\n_GaragePage.default.clickAddCar();\n_GaragePage.default.selectBrand('Audi');\n_GaragePage.default.selectModel('TT');\n_GaragePage.default.setMileage('10000');\n_GaragePage.default.submitAddCar();\ncy.wait('@createCar').then(interception => {\n  expect(interception.response.statusCode).to.eq(201);\n  const carId = interception.response.body.data.id;\n  cy.wrap(carId).as('carId');\n});\ncy.get('@carId').then(carId => {\n  cy.createExpenseViaApi(carId, 10500, 40, 60);\n  cy.contains('a', 'Fuel expenses').click();\n  cy.get('#carSelectDropdown').should('contain', 'Audi TT');\n  cy.contains('60.00').should('be.visible');\n});",
              "err": {
                "message": "CypressError: `cy.click()` can only be called on a single element. Your subject contained 2 elements. Pass `{ multiple: true }` if you want to serially click each element.\n\nhttps://on.cypress.io/click",
                "estack": "CypressError: `cy.click()` can only be called on a single element. Your subject contained 2 elements. Pass `{ multiple: true }` if you want to serially click each element.\n\nhttps://on.cypress.io/click\n    at mouseAction (https://qauto.forstudy.space/__cypress/runner/cypress_runner.js:114939:68)\n    at Context.click (https://qauto.forstudy.space/__cypress/runner/cypress_runner.js:115106:14)\n    at wrapped (https://qauto.forstudy.space/__cypress/runner/cypress_runner.js:146625:19)\nFrom Your Spec Code:\n    at Object.proxyGetter [as get] (https://qauto.forstudy.space/__cypress/runner/cypress_runner.js:81302:22)\n    at exists (https://qauto.forstudy.space/__cypress/runner/cypress_runner.js:151509:26)\n    at elExists (https://qauto.forstudy.space/__cypress/runner/cypress_runner.js:151524:10)\n    at ensureExistence (https://qauto.forstudy.space/__cypress/runner/cypress_runner.js:151705:22)\n    at onFailFn (https://qauto.forstudy.space/__cypress/runner/cypress_runner.js:151734:53)",
                "diff": null
              },
              "uuid": "f65e85b8-5282-4f77-b9a2-264a775130a2",
              "parentUUID": "cc1ffdc4-7f0d-437c-b483-e633b99ab76f",
              "isHook": false,
              "skipped": false
            }
          ],
          "suites": [],
          "passes": [],
          "failures": [
            "b690cd1d-7dac-47b1-b122-71976f5e97e1",
            "f4760fa7-492a-4fb8-92d2-6a1f67044bb0",
            "1c26ffa2-eddf-46d4-8f05-97c1f6ab3d0a",
            "f65e85b8-5282-4f77-b9a2-264a775130a2"
          ],
          "pending": [],
          "skipped": [],
          "duration": 14034,
          "root": false,
          "rootEmpty": false,
          "_timeout": 2000
        }
      ],
      "passes": [],
      "failures": [],
      "pending": [],
      "skipped": [],
      "duration": 0,
      "root": true,
      "rootEmpty": true,
      "_timeout": 2000
    }
  ],
  "meta": {
    "mocha": {
      "version": "7.2.0"
    },
    "mochawesome": {
      "options": {
        "quiet": false,
        "reportFilename": "mochawesome",
        "saveHtml": false,
        "saveJson": true,
        "consoleReporter": "spec",
        "useInlineDiffs": false,
        "code": true
      },
      "version": "7.1.4"
    },
    "marge": {
      "options": {
        "reportDir": "cypress/results",
        "overwrite": false,
        "html": false,
        "json": true
      },
      "version": "6.3.2"
    }
  }
}